{"ts":"2025-08-14T11:48:59+02:00","user":"admin@local","action":"zones_save","details":[],"ip":"::1"}
{"ts":"2025-08-14T11:52:56+02:00","user":"admin@local","action":"zones_save","details":[],"ip":"::1"}
{"ts":"2025-08-14T11:55:04+02:00","user":"admin@local","action":"zones_save","details":[],"ip":"::1"}
{"ts":"2025-08-14T13:07:38+02:00","user":"admin@local","action":"zone_matrix_save","details":[],"ip":"::1"}
{"ts":"2025-08-14T13:13:06+02:00","user":"admin@local","action":"zone_matrix_save","details":[],"ip":"::1"}
{"ts":"2025-08-14T13:15:36+02:00","user":"admin@local","action":"zone_matrix_save","details":[],"ip":"::1"}
{"ts":"2025-08-14T13:17:48+02:00","user":"admin@local","action":"zone_matrix_cross_save","details":{"a":"ANTALYA","b":"ANTALYA"},"ip":"::1"}
{"ts":"2025-08-14T13:44:35+02:00","user":"admin@local","action":"zone_matrix_cross_save","details":{"a":"ANTALYA","b":"ANTALYA"},"ip":"::1"}
{"ts":"2025-08-14T13:44:38+02:00","user":"admin@local","action":"zone_matrix_cross_save","details":{"a":"ANTALYA","b":"ANTALYA"},"ip":"::1"}
{"ts":"2025-08-14T13:49:26+02:00","user":"admin@local","action":"zone_matrix_cross_save","details":{"a":"ANTALYA","b":"ANTALYA"},"ip":"::1"}
{"ts":"2025-08-14T14:00:35+02:00","user":"admin@local","action":"zone_matrix_cross_save","details":{"a":"ANTALYA","b":"ANTALYA"},"ip":"::1"}
{"ts":"2025-08-14T14:02:43+02:00","user":"admin@local","action":"zone_matrix_cross_clear","details":{"a":"ANTALYA","b":"ANTALYA"},"ip":"::1"}
{"ts":"2025-08-14T14:03:46+02:00","user":"admin@local","action":"zone_matrix_cross_save","details":{"a":"ANTALYA","b":"ANTALYA"},"ip":"::1"}
{"ts":"2025-08-14T14:03:59+02:00","user":"admin@local","action":"zone_matrix_cross_save","details":{"a":"ANTALYA","b":"ANTALYA"},"ip":"::1"}
{"ts":"2025-08-14T14:04:07+02:00","user":"admin@local","action":"zone_matrix_cross_save","details":{"a":"ANTALYA","b":"ANTALYA"},"ip":"::1"}
{"ts":"2025-08-14T14:04:40+02:00","user":"admin@local","action":"zone_matrix_cross_save","details":{"a":"ANTALYA","b":"ANTALYA"},"ip":"::1"}
{"ts":"2025-08-14T14:04:48+02:00","user":"admin@local","action":"zone_matrix_cross_save","details":{"a":"ANTALYA","b":"ANTALYA"},"ip":"::1"}
{"ts":"2025-08-14T14:07:05+02:00","user":"admin@local","action":"zone_matrix_cross_clear","details":{"a":"ANTALYA","b":"ANTALYA"},"ip":"::1"}
{"ts":"2025-08-14T14:07:41+02:00","user":"admin@local","action":"zone_matrix_cross_save","details":{"a":"ANTALYA","b":"ANTALYA"},"ip":"::1"}
{"ts":"2025-08-14T14:07:46+02:00","user":"admin@local","action":"zone_matrix_cross_save","details":{"a":"ANTALYA","b":"ANTALYA"},"ip":"::1"}
{"ts":"2025-08-14T14:08:03+02:00","user":"admin@local","action":"zone_matrix_cross_clear","details":{"a":"ANTALYA","b":"ANTALYA"},"ip":"::1"}
{"ts":"2025-08-14T14:10:31+02:00","user":"admin@local","action":"zone_matrix_cross_save","details":{"a":"ANTALYA","b":"ANTALYA"},"ip":"::1"}
{"ts":"2025-08-14T14:10:36+02:00","user":"admin@local","action":"zone_matrix_cross_save","details":{"a":"ANTALYA","b":"ANTALYA"},"ip":"::1"}
{"ts":"2025-08-14T14:21:49+02:00","user":"admin@local","action":"zone_matrix_cross_save","details":{"a":"ANTALYA","b":"ANTALYA"},"ip":"::1"}
{"ts":"2025-08-14T14:40:58+02:00","user":"admin@local","action":"zone_matrix_save","details":[],"ip":"::1"}
{"ts":"2025-08-14T15:34:02+02:00","user":"admin@local","action":"email_templates_save","details":[],"ip":"::1"}
